2008-05-18 07:00:53 Debug: Notice (8): Use of undefined constant styles - assumed 'styles' in [CORE\app\views\layouts\default.thtml, line 5]
2008-05-18 09:23:03 Debug: Notice (8): Undefined variable: date in [CORE\app\views\elements\leftmenu.thtml, line 16]
2008-05-18 09:33:18 Debug: Notice (8): Undefined index:  name in [CORE\app\views\elements\leftmenu.thtml, line 16]
2008-05-18 09:33:18 Debug: Notice (8): Undefined index:  category_id in [CORE\app\views\elements\leftmenu.thtml, line 17]
2008-05-18 09:33:47 Debug: Notice (8): Undefined index:  name in [CORE\app\views\elements\leftmenu.thtml, line 16]
2008-05-18 09:56:11 Debug: Notice (8): Undefined index:  suncategories in [CORE\app\views\elements\leftmenu.thtml, line 19]
2008-05-18 09:56:28 Debug: Notice (8): Undefined index:  suncategories in [CORE\app\views\elements\leftmenu.thtml, line 19]
2008-05-18 10:30:56 Debug: Notice (8): Undefined variable: i in [CORE\app\views\elements\leftmenu.thtml, line 26]
2008-05-18 10:30:56 Debug: Notice (8): Undefined variable: i in [CORE\app\views\elements\leftmenu.thtml, line 29]
2008-05-18 18:34:52 Debug: Notice (8): Undefined offset:  0 in [CORE\app\views\categories\category.thtml, line 7]
2008-05-18 18:34:52 Debug: Notice (8): Undefined offset:  0 in [CORE\app\views\categories\category.thtml, line 8]
2008-05-19 16:43:15 Debug: Notice (8): Undefined offset:  0 in [CORE\app\views\categories\category.thtml, line 7]
2008-05-19 16:43:15 Debug: Notice (8): Undefined offset:  0 in [CORE\app\views\categories\category.thtml, line 8]
2008-05-19 16:43:15 Debug: Notice (8): Undefined variable: images in [CORE\app\views\categories\category.thtml, line 16]
2008-05-19 16:43:15 Debug: Notice (8): Undefined variable: images in [CORE\app\views\categories\category.thtml, line 17]
2008-05-19 16:43:15 Debug: Notice (8): Undefined variable: images in [CORE\app\views\categories\category.thtml, line 18]
2008-05-19 16:43:15 Debug: Notice (8): Undefined variable: images in [CORE\app\views\categories\category.thtml, line 19]
2008-05-19 17:26:09 Debug: Notice (8): Undefined offset:  1 in [CORE\app\views\categories\category.thtml, line 17]
2008-05-19 17:26:09 Debug: Notice (8): Undefined offset:  1 in [CORE\app\views\categories\category.thtml, line 18]
2008-05-19 17:26:09 Debug: Notice (8): Undefined offset:  1 in [CORE\app\views\categories\category.thtml, line 19]
2008-05-19 17:26:12 Debug: Notice (8): Undefined offset:  1 in [CORE\app\views\categories\category.thtml, line 17]
2008-05-19 17:26:12 Debug: Notice (8): Undefined offset:  1 in [CORE\app\views\categories\category.thtml, line 18]
2008-05-19 17:26:12 Debug: Notice (8): Undefined offset:  1 in [CORE\app\views\categories\category.thtml, line 19]
2008-05-19 17:26:14 Debug: Notice (8): Undefined offset:  1 in [CORE\app\views\categories\category.thtml, line 17]
2008-05-19 17:26:14 Debug: Notice (8): Undefined offset:  1 in [CORE\app\views\categories\category.thtml, line 18]
2008-05-19 17:26:14 Debug: Notice (8): Undefined offset:  1 in [CORE\app\views\categories\category.thtml, line 19]
2008-05-19 17:33:32 Debug: Notice (8): Undefined offset:  1 in [CORE\app\views\categories\category.thtml, line 17]
2008-05-19 17:33:32 Debug: Notice (8): Undefined offset:  1 in [CORE\app\views\categories\category.thtml, line 18]
2008-05-19 17:33:32 Debug: Notice (8): Undefined offset:  1 in [CORE\app\views\categories\category.thtml, line 19]
2008-05-19 17:33:36 Debug: Notice (8): Undefined offset:  1 in [CORE\app\views\categories\category.thtml, line 17]
2008-05-19 17:33:36 Debug: Notice (8): Undefined offset:  1 in [CORE\app\views\categories\category.thtml, line 18]
2008-05-19 17:33:36 Debug: Notice (8): Undefined offset:  1 in [CORE\app\views\categories\category.thtml, line 19]
2008-05-19 17:33:37 Debug: Notice (8): Undefined offset:  1 in [CORE\app\views\categories\category.thtml, line 17]
2008-05-19 17:33:37 Debug: Notice (8): Undefined offset:  1 in [CORE\app\views\categories\category.thtml, line 18]
2008-05-19 17:33:37 Debug: Notice (8): Undefined offset:  1 in [CORE\app\views\categories\category.thtml, line 19]
2008-05-19 17:33:47 Debug: Notice (8): Undefined offset:  1 in [CORE\app\views\categories\category.thtml, line 17]
2008-05-19 17:33:47 Debug: Notice (8): Undefined offset:  1 in [CORE\app\views\categories\category.thtml, line 18]
2008-05-19 17:33:47 Debug: Notice (8): Undefined offset:  1 in [CORE\app\views\categories\category.thtml, line 19]
2008-05-19 17:33:50 Debug: Notice (8): Undefined offset:  1 in [CORE\app\views\categories\category.thtml, line 17]
2008-05-19 17:33:50 Debug: Notice (8): Undefined offset:  1 in [CORE\app\views\categories\category.thtml, line 18]
2008-05-19 17:33:50 Debug: Notice (8): Undefined offset:  1 in [CORE\app\views\categories\category.thtml, line 19]
2008-05-19 17:53:09 Debug: Notice (8): Undefined offset:  1 in [CORE\app\views\categories\category.thtml, line 17]
2008-05-19 17:53:09 Debug: Notice (8): Undefined offset:  1 in [CORE\app\views\categories\category.thtml, line 18]
2008-05-19 17:53:09 Debug: Notice (8): Undefined offset:  1 in [CORE\app\views\categories\category.thtml, line 19]
2008-05-19 17:54:27 Debug: Notice (8): Undefined offset:  1 in [CORE\app\views\categories\category.thtml, line 17]
2008-05-19 17:54:27 Debug: Notice (8): Undefined offset:  1 in [CORE\app\views\categories\category.thtml, line 18]
2008-05-19 17:54:27 Debug: Notice (8): Undefined offset:  1 in [CORE\app\views\categories\category.thtml, line 19]
2008-05-19 18:06:34 Debug: Notice (8): Undefined index:  contents in [CORE\app\views\categories\category.ctp, line 27]
2008-05-19 18:06:34 Debug: Notice (8): Undefined index:  contents in [CORE\app\views\categories\category.ctp, line 28]
2008-05-19 18:07:19 Debug: Notice (8): Undefined index:  contents in [CORE\app\views\categories\category.ctp, line 28]
2008-05-19 18:07:19 Debug: Notice (8): Undefined index:  contents in [CORE\app\views\categories\category.ctp, line 29]
2008-05-20 14:00:13 Debug: Notice (8): Undefined offset:  1 in [CORE\app\views\categories\project.thtml, line 17]
2008-05-20 14:00:13 Debug: Notice (8): Undefined offset:  1 in [CORE\app\views\categories\project.thtml, line 18]
2008-05-20 14:00:13 Debug: Notice (8): Undefined offset:  1 in [CORE\app\views\categories\project.thtml, line 19]
2008-05-20 14:00:17 Debug: Notice (8): Undefined offset:  1 in [CORE\app\views\categories\project.thtml, line 17]
2008-05-20 14:00:17 Debug: Notice (8): Undefined offset:  1 in [CORE\app\views\categories\project.thtml, line 18]
2008-05-20 14:00:17 Debug: Notice (8): Undefined offset:  1 in [CORE\app\views\categories\project.thtml, line 19]
2008-05-20 14:00:20 Debug: Notice (8): Undefined offset:  1 in [CORE\app\views\categories\project.thtml, line 17]
2008-05-20 14:00:20 Debug: Notice (8): Undefined offset:  1 in [CORE\app\views\categories\project.thtml, line 18]
2008-05-20 14:00:20 Debug: Notice (8): Undefined offset:  1 in [CORE\app\views\categories\project.thtml, line 19]
2008-05-20 14:00:24 Debug: Notice (8): Undefined offset:  1 in [CORE\app\views\categories\project.thtml, line 17]
2008-05-20 14:00:24 Debug: Notice (8): Undefined offset:  1 in [CORE\app\views\categories\project.thtml, line 18]
2008-05-20 14:00:24 Debug: Notice (8): Undefined offset:  1 in [CORE\app\views\categories\project.thtml, line 19]
2008-05-20 14:00:27 Debug: Notice (8): Undefined offset:  1 in [CORE\app\views\categories\project.thtml, line 17]
2008-05-20 14:00:27 Debug: Notice (8): Undefined offset:  1 in [CORE\app\views\categories\project.thtml, line 18]
2008-05-20 14:00:27 Debug: Notice (8): Undefined offset:  1 in [CORE\app\views\categories\project.thtml, line 19]
2008-05-20 14:05:04 Debug: Notice (8): Undefined offset:  1 in [CORE\app\views\categories\project.thtml, line 17]
2008-05-20 14:05:04 Debug: Notice (8): Undefined offset:  1 in [CORE\app\views\categories\project.thtml, line 18]
2008-05-20 14:05:04 Debug: Notice (8): Undefined offset:  1 in [CORE\app\views\categories\project.thtml, line 19]
2008-05-20 14:11:35 Debug: Notice (8): Undefined offset:  1 in [CORE\app\views\categories\project.thtml, line 17]
2008-05-20 14:11:35 Debug: Notice (8): Undefined offset:  1 in [CORE\app\views\categories\project.thtml, line 18]
2008-05-20 14:11:35 Debug: Notice (8): Undefined offset:  1 in [CORE\app\views\categories\project.thtml, line 19]
2008-05-20 14:12:54 Debug: Notice (8): Undefined variable: images in [CORE\app\views\categories\project.thtml, line 14]
2008-05-20 14:12:54 Debug: Notice (8): Undefined variable: images in [CORE\app\views\categories\project.thtml, line 15]
2008-05-20 14:12:54 Debug: Notice (8): Undefined variable: images in [CORE\app\views\categories\project.thtml, line 16]
2008-05-20 14:13:35 Debug: Notice (8): Undefined variable: images in [CORE\app\views\categories\project.thtml, line 14]
2008-05-20 14:13:35 Debug: Notice (8): Undefined variable: images in [CORE\app\views\categories\project.thtml, line 15]
2008-05-20 14:13:35 Debug: Notice (8): Undefined variable: images in [CORE\app\views\categories\project.thtml, line 16]
2008-05-20 14:15:09 Debug: Notice (8): Undefined variable: images in [CORE\app\views\categories\project.thtml, line 14]
2008-05-20 14:15:09 Debug: Notice (8): Undefined variable: images in [CORE\app\views\categories\project.thtml, line 15]
2008-05-20 14:15:09 Debug: Notice (8): Undefined variable: images in [CORE\app\views\categories\project.thtml, line 16]
2008-05-20 14:20:40 Debug: Notice (8): Undefined offset:  0 in [CORE\app\views\categories\project.thtml, line 7]
2008-05-20 14:20:40 Debug: Notice (8): Undefined offset:  0 in [CORE\app\views\categories\project.thtml, line 8]
2008-05-20 14:20:55 Debug: Notice (8): Undefined offset:  0 in [CORE\app\views\categories\project.thtml, line 7]
2008-05-20 14:20:55 Debug: Notice (8): Undefined offset:  0 in [CORE\app\views\categories\project.thtml, line 8]
2008-05-20 14:21:17 Debug: Notice (8): Undefined offset:  0 in [CORE\app\views\categories\project.thtml, line 7]
2008-05-20 14:21:17 Debug: Notice (8): Undefined offset:  0 in [CORE\app\views\categories\project.thtml, line 8]
2008-05-20 15:04:20 Debug: Notice (8): Undefined variable: find in [CORE\app\controllers\categories_controller.php, line 33]
2008-05-20 15:04:20 Debug: Notice (8): Undefined variable: find in [CORE\app\controllers\categories_controller.php, line 34]
2008-05-20 15:04:20 Debug: Notice (8): Undefined variable: find in [CORE\app\controllers\categories_controller.php, line 36]
2008-05-20 15:04:20 Debug: Notice (8): Undefined variable: find in [CORE\app\controllers\categories_controller.php, line 38]
2008-05-20 17:22:17 Debug: Notice (8): Undefined variable: ajax in [CORE\app\views\categories\project.thtml, line 13]
2008-05-20 17:22:34 Debug: Notice (8): Undefined variable: ajax in [CORE\app\views\categories\project.thtml, line 13]
2008-05-20 17:23:41 Debug: Notice (8): Undefined variable: ajax in [CORE\app\views\categories\project.thtml, line 13]
2008-05-20 17:24:26 Debug: Notice (8): Undefined variable: ajax in [CORE\app\views\categories\project.thtml, line 13]
2008-05-20 17:24:28 Debug: Notice (8): Undefined variable: ajax in [CORE\app\views\categories\project.thtml, line 13]
2008-05-20 17:24:46 Debug: Notice (8): Undefined variable: ajax in [CORE\app\views\categories\project.thtml, line 13]
2008-05-20 17:26:58 Debug: Notice (8): Undefined variable: ajax in [CORE\app\views\categories\project.thtml, line 13]
2008-05-20 17:27:00 Debug: Notice (8): Undefined variable: ajax in [CORE\app\views\categories\project.thtml, line 13]
2008-05-20 17:28:01 Debug: Notice (8): Undefined variable: ajax in [CORE\app\views\categories\project.thtml, line 13]
2008-05-20 17:28:03 Debug: Notice (8): Undefined variable: ajax in [CORE\app\views\categories\project.thtml, line 13]
2008-05-20 17:41:49 Debug: Notice (8): Undefined variable: javascript in [CORE\app\views\categories\project.thtml, line 1]
2008-05-20 17:43:45 Debug: Notice (8): Undefined variable: javascript in [CORE\app\views\categories\project.thtml, line 1]
2008-05-20 17:44:06 Debug: Notice (8): Undefined variable: javascript in [CORE\app\views\categories\project.thtml, line 1]
2008-05-20 17:45:09 Debug: Notice (8): Undefined variable: javascript in [CORE\app\views\categories\project.thtml, line 1]
2008-05-20 17:45:28 Debug: Notice (8): Undefined variable: ajax in [CORE\app\views\categories\project.thtml, line 16]
2008-05-20 17:46:30 Debug: Notice (8): Undefined variable: ajax in [CORE\app\views\categories\project.thtml, line 16]
2008-05-20 17:46:31 Debug: Notice (8): Undefined variable: ajax in [CORE\app\views\categories\project.thtml, line 16]
2008-05-20 17:46:33 Debug: Notice (8): Undefined variable: ajax in [CORE\app\views\categories\project.thtml, line 16]
2008-05-20 17:46:50 Debug: Notice (8): Undefined variable: ajax in [CORE\app\views\categories\project.thtml, line 16]
2008-05-20 17:47:06 Debug: Notice (8): Undefined variable: ajax in [CORE\app\views\categories\project.thtml, line 16]
2008-05-20 17:47:47 Debug: Notice (8): Undefined variable: javascript in [CORE\app\views\categories\project.thtml, line 1]
2008-05-20 17:47:49 Debug: Notice (8): Undefined variable: javascript in [CORE\app\views\categories\project.thtml, line 1]
2008-05-21 14:28:29 Debug: Notice (8): Undefined variable: left in [CORE\app\views\categories\othercategory.thtml, line 7]
2008-05-21 14:28:29 Debug: Notice (8): Undefined variable: left in [CORE\app\views\elements\leftmenu.thtml, line 16]
2008-05-21 14:28:29 Debug: Notice (8): Undefined variable: html in [CORE\app\views\elements\leftmenu.thtml, line 45]
2008-05-21 14:30:15 Debug: Notice (8): Undefined index:  contents in [CORE\app\views\categories\othercategory.thtml, line 10]
2008-05-21 14:30:15 Debug: Notice (8): Undefined index:  contents in [CORE\app\views\categories\othercategory.thtml, line 11]
2008-05-21 14:35:21 Debug: Notice (8): Undefined index:  contents in [CORE\app\views\categories\othercategory.thtml, line 10]
2008-05-21 14:35:25 Debug: Notice (8): Undefined index:  contents in [CORE\app\views\categories\othercategory.thtml, line 10]
2008-05-21 14:36:44 Debug: Notice (8): Undefined index:  contents in [CORE\app\views\categories\othercategory.thtml, line 10]
2008-05-21 14:37:22 Debug: Notice (8): Undefined index:  contents in [CORE\app\views\categories\othercategory.thtml, line 10]
2008-05-21 14:37:46 Debug: Notice (8): Undefined index:  contents in [CORE\app\views\categories\othercategory.thtml, line 10]
2008-05-21 14:38:11 Debug: Notice (8): Undefined index:  contents in [CORE\app\views\categories\othercategory.thtml, line 10]
2008-05-21 14:38:11 Debug: Notice (8): Undefined index:  contents in [CORE\app\views\categories\othercategory.thtml, line 11]
2008-05-21 14:38:13 Debug: Notice (8): Undefined index:  contents in [CORE\app\views\categories\othercategory.thtml, line 10]
2008-05-21 14:38:13 Debug: Notice (8): Undefined index:  contents in [CORE\app\views\categories\othercategory.thtml, line 11]
2008-05-21 14:40:24 Debug: Notice (8): Undefined index:  contents in [CORE\app\views\categories\othercategory.thtml, line 10]
2008-05-21 14:40:24 Debug: Notice (8): Undefined index:  contents in [CORE\app\views\categories\othercategory.thtml, line 11]
2008-05-21 14:52:02 Debug: Notice (8): Undefined index:  othercategories in [CORE\app\views\categories\othercategory.thtml, line 19]
2008-05-21 17:28:09 Debug: Notice (8): Undefined variable: find in [CORE\app\views\categories\index.ctp, line 9]
2008-05-21 18:45:05 Debug: Notice (8): Undefined index:  contents in [CORE\app\controllers\categories_controller.php, line 96]
2008-05-21 18:45:51 Debug: Notice (8): Undefined index:  contents in [CORE\app\controllers\categories_controller.php, line 96]
2008-05-21 18:46:24 Debug: Notice (8): Undefined index:  contents in [CORE\app\controllers\categories_controller.php, line 97]
2008-05-21 18:46:50 Debug: Notice (8): Undefined offset:  0 in [CORE\app\controllers\categories_controller.php, line 97]
2008-05-21 18:47:03 Debug: Notice (8): Undefined offset:  0 in [CORE\app\controllers\categories_controller.php, line 97]
2008-05-21 18:48:06 Debug: Notice (8): Undefined offset:  0 in [CORE\app\controllers\categories_controller.php, line 97]
2008-05-26 09:53:36 Debug: Notice (8): Undefined property:  AdminController::$Admin in [CORE\app\controllers\admin_controller.php, line 14]
2008-05-26 09:59:06 Debug: Notice (8): Undefined index:  Admin in [CORE\app\controllers\admin_controller.php, line 18]
2008-05-26 09:59:31 Debug: Notice (8): Undefined index:  Admin in [CORE\app\controllers\admin_controller.php, line 18]
2008-05-26 09:59:58 Debug: Notice (8): Undefined index:  Admin in [CORE\app\controllers\admin_controller.php, line 18]
2008-05-26 10:00:47 Debug: Notice (8): Undefined property:  AdminController::$Admin in [CORE\app\controllers\admin_controller.php, line 14]
2008-05-26 10:01:36 Debug: Notice (8): Undefined index:  Admin in [CORE\app\controllers\admin_controller.php, line 18]
2008-05-26 10:36:32 Debug: Notice (8): Undefined variable: left in [CORE\app\views\admins\category.ctp, line 4]
2008-05-26 10:36:32 Debug: Notice (8): Undefined variable: html in [CORE\app\views\elements\leftmenu.thtml, line 2]
2008-05-26 10:47:23 Debug: Notice (8): Undefined variable: id in [CORE\app\controllers\admins_controller.php, line 41]
2008-05-26 10:48:00 Debug: Notice (8): Undefined index:  contents in [CORE\app\views\admins\category.ctp, line 20]
2008-05-26 10:48:13 Debug: Notice (8): Undefined index:  Contents in [CORE\app\views\admins\category.ctp, line 20]
2008-05-26 10:48:25 Debug: Notice (8): Undefined index:  Contents in [CORE\app\views\admins\category.ctp, line 20]
2008-05-26 10:48:46 Debug: Notice (8): Undefined index:  Contents in [CORE\app\views\admins\category.ctp, line 20]
2008-05-26 11:28:58 Debug: Notice (8): Undefined variable: id in [CORE\app\controllers\admins_controller.php, line 51]
2008-05-26 11:57:18 Debug: Notice (8): Undefined variable: data in [CORE\app\controllers\admins_controller.php, line 51]
