2008-05-18 18:15:38 Warning: Warning (512): <span style = "color:Red;text-align:left"><b>SQL Error:</b> 1054: Unknown column 'images' in 'where clause'</span> in [CORE\cake\libs\model\datasources\dbo_source.php, line 463]
2008-05-18 18:17:04 Warning: Warning (512): <span style = "color:Red;text-align:left"><b>SQL Error:</b> 1054: Unknown column 'images' in 'where clause'</span> in [CORE\cake\libs\model\datasources\dbo_source.php, line 463]
2008-05-18 18:17:04 Warning: Warning (512): <span style = "color:Red;text-align:left"><b>SQL Error:</b> 1054: Unknown column 'images' in 'where clause'</span> in [CORE\cake\libs\model\datasources\dbo_source.php, line 463]
2008-05-18 18:17:06 Warning: Warning (512): <span style = "color:Red;text-align:left"><b>SQL Error:</b> 1054: Unknown column 'images' in 'where clause'</span> in [CORE\cake\libs\model\datasources\dbo_source.php, line 463]
2008-05-18 18:24:25 Warning: Warning (512): <span style = "color:Red;text-align:left"><b>SQL Error:</b> 1054: Unknown column 'images' in 'where clause'</span> in [CORE\cake\libs\model\datasources\dbo_source.php, line 463]
2008-05-18 18:24:25 Warning: Warning (512): <span style = "color:Red;text-align:left"><b>SQL Error:</b> 1054: Unknown column 'images' in 'where clause'</span> in [CORE\cake\libs\model\datasources\dbo_source.php, line 463]
2008-05-18 18:24:26 Warning: Warning (512): <span style = "color:Red;text-align:left"><b>SQL Error:</b> 1054: Unknown column 'images' in 'where clause'</span> in [CORE\cake\libs\model\datasources\dbo_source.php, line 463]
2008-05-18 18:27:16 Warning: Warning (512): <span style = "color:Red;text-align:left"><b>SQL Error:</b> 1054: Unknown column 'images' in 'where clause'</span> in [CORE\cake\libs\model\datasources\dbo_source.php, line 463]
2008-05-19 17:52:57 Warning: Warning (512): <span style = "color:Red;text-align:left"><b>SQL Error:</b> 1064: You have an error in your SQL syntax; check the manual that corresponds to your MySQL server version for the right syntax to use near '' at line 1</span> in [CORE\cake\libs\model\datasources\dbo_source.php, line 463]
2008-05-19 17:56:59 Warning: Warning (512): <span style = "color:Red;text-align:left"><b>SQL Error:</b> 1054: Unknown column 'images' in 'where clause'</span> in [CORE\cake\libs\model\datasources\dbo_source.php, line 463]
2008-05-19 17:59:46 Warning: Warning (512): <span style = "color:Red;text-align:left"><b>SQL Error:</b> 1054: Unknown column 'images' in 'where clause'</span> in [CORE\cake\libs\model\datasources\dbo_source.php, line 463]
2008-05-19 18:04:29 Warning: Warning (512): <span style = "color:Red;text-align:left"><b>SQL Error:</b> 1054: Unknown column 'images' in 'where clause'</span> in [CORE\cake\libs\model\datasources\dbo_source.php, line 463]
2008-05-19 18:06:34 Warning: Warning (512): <span style = "color:Red;text-align:left"><b>SQL Error:</b> 1054: Unknown column 'images' in 'where clause'</span> in [CORE\cake\libs\model\datasources\dbo_source.php, line 463]
2008-05-19 18:07:19 Warning: Warning (512): <span style = "color:Red;text-align:left"><b>SQL Error:</b> 1054: Unknown column 'images' in 'where clause'</span> in [CORE\cake\libs\model\datasources\dbo_source.php, line 463]
2008-05-19 18:07:54 Warning: Warning (512): <span style = "color:Red;text-align:left"><b>SQL Error:</b> 1054: Unknown column 'images' in 'where clause'</span> in [CORE\cake\libs\model\datasources\dbo_source.php, line 463]
2008-05-19 18:08:17 Warning: Warning (512): <span style = "color:Red;text-align:left"><b>SQL Error:</b> 1054: Unknown column 'images' in 'where clause'</span> in [CORE\cake\libs\model\datasources\dbo_source.php, line 463]
2008-05-19 18:10:56 Warning: Warning (512): <span style = "color:Red;text-align:left"><b>SQL Error:</b> 1054: Unknown column 'images' in 'where clause'</span> in [CORE\cake\libs\model\datasources\dbo_source.php, line 463]
2008-05-19 18:12:54 Warning: Warning (512): <span style = "color:Red;text-align:left"><b>SQL Error:</b> 1054: Unknown column 'images' in 'where clause'</span> in [CORE\cake\libs\model\datasources\dbo_source.php, line 463]
2008-05-19 18:14:51 Warning: Warning (512): <span style = "color:Red;text-align:left"><b>SQL Error:</b> 1054: Unknown column 'images' in 'where clause'</span> in [CORE\cake\libs\model\datasources\dbo_source.php, line 463]
2008-05-19 18:16:55 Warning: Warning (512): <span style = "color:Red;text-align:left"><b>SQL Error:</b> 1054: Unknown column 'images' in 'where clause'</span> in [CORE\cake\libs\model\datasources\dbo_source.php, line 463]
2008-05-19 18:19:02 Warning: Warning (512): <span style = "color:Red;text-align:left"><b>SQL Error:</b> 1054: Unknown column 'images' in 'where clause'</span> in [CORE\cake\libs\model\datasources\dbo_source.php, line 463]
2008-05-19 18:20:29 Warning: Warning (512): <span style = "color:Red;text-align:left"><b>SQL Error:</b> 1054: Unknown column 'images' in 'where clause'</span> in [CORE\cake\libs\model\datasources\dbo_source.php, line 463]
2008-05-19 18:21:19 Warning: Warning (512): <span style = "color:Red;text-align:left"><b>SQL Error:</b> 1054: Unknown column 'images' in 'where clause'</span> in [CORE\cake\libs\model\datasources\dbo_source.php, line 463]
2008-05-19 18:21:32 Warning: Warning (512): <span style = "color:Red;text-align:left"><b>SQL Error:</b> 1054: Unknown column 'images' in 'where clause'</span> in [CORE\cake\libs\model\datasources\dbo_source.php, line 463]
2008-05-19 18:32:40 Warning: Warning (512): <span style = "color:Red;text-align:left"><b>SQL Error:</b> 1054: Unknown column 'images' in 'where clause'</span> in [CORE\cake\libs\model\datasources\dbo_source.php, line 463]
2008-05-19 18:33:55 Warning: Warning (512): <span style = "color:Red;text-align:left"><b>SQL Error:</b> 1054: Unknown column 'images' in 'where clause'</span> in [CORE\cake\libs\model\datasources\dbo_source.php, line 463]
2008-05-19 18:36:38 Warning: Warning (512): <span style = "color:Red;text-align:left"><b>SQL Error:</b> 1054: Unknown column 'images' in 'where clause'</span> in [CORE\cake\libs\model\datasources\dbo_source.php, line 463]
2008-05-19 18:41:42 Warning: Warning (512): <span style = "color:Red;text-align:left"><b>SQL Error:</b> 1054: Unknown column 'images' in 'where clause'</span> in [CORE\cake\libs\model\datasources\dbo_source.php, line 463]
2008-05-19 18:42:13 Warning: Warning (512): <span style = "color:Red;text-align:left"><b>SQL Error:</b> 1054: Unknown column 'images' in 'where clause'</span> in [CORE\cake\libs\model\datasources\dbo_source.php, line 463]
2008-05-19 18:42:18 Warning: Warning (512): Method HtmlHelper::images does not exist in [CORE\cake\libs\view\helper.php, line 148]
2008-05-19 18:42:18 Warning: Warning (512): <span style = "color:Red;text-align:left"><b>SQL Error:</b> 1054: Unknown column 'images' in 'where clause'</span> in [CORE\cake\libs\model\datasources\dbo_source.php, line 463]
2008-05-19 18:42:18 Warning: Warning (512): Method HtmlHelper::images does not exist in [CORE\cake\libs\view\helper.php, line 148]
2008-05-19 18:43:06 Warning: Warning (512): <span style = "color:Red;text-align:left"><b>SQL Error:</b> 1054: Unknown column 'images' in 'where clause'</span> in [CORE\cake\libs\model\datasources\dbo_source.php, line 463]
2008-05-20 13:47:43 Warning: Warning (512): <span style = "color:Red;text-align:left"><b>SQL Error:</b> 1054: Unknown column 'home' in 'where clause'</span> in [CORE\cake\libs\model\datasources\dbo_source.php, line 463]
2008-05-20 13:47:43 Warning: Warning (2): session_start() [<a href='http://php.net/function.session-start'>function.session-start</a>]: Cannot send session cookie - headers already sent by (output started at C:\wamp\www\myproject\cake\basics.php:893) in [CORE\cake\libs\session.php, line 154]
2008-05-20 13:47:43 Warning: Warning (2): session_start() [<a href='http://php.net/function.session-start'>function.session-start</a>]: Cannot send session cache limiter - headers already sent (output started at C:\wamp\www\myproject\cake\basics.php:893) in [CORE\cake\libs\session.php, line 154]
2008-05-20 13:47:43 Warning: Warning (2): Cannot modify header information - headers already sent by (output started at C:\wamp\www\myproject\cake\basics.php:893) in [CORE\cake\libs\session.php, line 155]
2008-05-20 13:48:00 Warning: Warning (512): <span style = "color:Red;text-align:left"><b>SQL Error:</b> 1054: Unknown column 'home' in 'where clause'</span> in [CORE\cake\libs\model\datasources\dbo_source.php, line 463]
2008-05-20 13:48:00 Warning: Warning (2): session_start() [<a href='http://php.net/function.session-start'>function.session-start</a>]: Cannot send session cookie - headers already sent by (output started at C:\wamp\www\myproject\cake\basics.php:893) in [CORE\cake\libs\session.php, line 154]
2008-05-20 13:48:00 Warning: Warning (2): session_start() [<a href='http://php.net/function.session-start'>function.session-start</a>]: Cannot send session cache limiter - headers already sent (output started at C:\wamp\www\myproject\cake\basics.php:893) in [CORE\cake\libs\session.php, line 154]
2008-05-20 13:48:00 Warning: Warning (2): Cannot modify header information - headers already sent by (output started at C:\wamp\www\myproject\cake\basics.php:893) in [CORE\cake\libs\session.php, line 155]
2008-05-20 13:48:13 Warning: Warning (512): <span style = "color:Red;text-align:left"><b>SQL Error:</b> 1054: Unknown column 'home' in 'where clause'</span> in [CORE\cake\libs\model\datasources\dbo_source.php, line 463]
2008-05-20 13:48:13 Warning: Warning (2): session_start() [<a href='http://php.net/function.session-start'>function.session-start</a>]: Cannot send session cookie - headers already sent by (output started at C:\wamp\www\myproject\cake\basics.php:893) in [CORE\cake\libs\session.php, line 154]
2008-05-20 13:48:13 Warning: Warning (2): session_start() [<a href='http://php.net/function.session-start'>function.session-start</a>]: Cannot send session cache limiter - headers already sent (output started at C:\wamp\www\myproject\cake\basics.php:893) in [CORE\cake\libs\session.php, line 154]
2008-05-20 13:48:13 Warning: Warning (2): Cannot modify header information - headers already sent by (output started at C:\wamp\www\myproject\cake\basics.php:893) in [CORE\cake\libs\session.php, line 155]
2008-05-20 13:48:33 Warning: Warning (512): <span style = "color:Red;text-align:left"><b>SQL Error:</b> 1054: Unknown column 'home' in 'where clause'</span> in [CORE\cake\libs\model\datasources\dbo_source.php, line 463]
2008-05-20 13:48:33 Warning: Warning (2): session_start() [<a href='http://php.net/function.session-start'>function.session-start</a>]: Cannot send session cookie - headers already sent by (output started at C:\wamp\www\myproject\cake\basics.php:893) in [CORE\cake\libs\session.php, line 154]
2008-05-20 13:48:33 Warning: Warning (2): session_start() [<a href='http://php.net/function.session-start'>function.session-start</a>]: Cannot send session cache limiter - headers already sent (output started at C:\wamp\www\myproject\cake\basics.php:893) in [CORE\cake\libs\session.php, line 154]
2008-05-20 13:48:33 Warning: Warning (2): Cannot modify header information - headers already sent by (output started at C:\wamp\www\myproject\cake\basics.php:893) in [CORE\cake\libs\session.php, line 155]
2008-05-20 13:50:48 Warning: Warning (512): <span style = "color:Red;text-align:left"><b>SQL Error:</b> 1064: You have an error in your SQL syntax; check the manual that corresponds to your MySQL server version for the right syntax to use near '' at line 1</span> in [CORE\cake\libs\model\datasources\dbo_source.php, line 463]
2008-05-20 13:50:48 Warning: Warning (2): session_start() [<a href='http://php.net/function.session-start'>function.session-start</a>]: Cannot send session cookie - headers already sent by (output started at C:\wamp\www\myproject\cake\basics.php:893) in [CORE\cake\libs\session.php, line 154]
2008-05-20 13:50:48 Warning: Warning (2): session_start() [<a href='http://php.net/function.session-start'>function.session-start</a>]: Cannot send session cache limiter - headers already sent (output started at C:\wamp\www\myproject\cake\basics.php:893) in [CORE\cake\libs\session.php, line 154]
2008-05-20 13:50:48 Warning: Warning (2): Cannot modify header information - headers already sent by (output started at C:\wamp\www\myproject\cake\basics.php:893) in [CORE\cake\libs\session.php, line 155]
2008-05-20 13:50:49 Warning: Warning (512): <span style = "color:Red;text-align:left"><b>SQL Error:</b> 1064: You have an error in your SQL syntax; check the manual that corresponds to your MySQL server version for the right syntax to use near '' at line 1</span> in [CORE\cake\libs\model\datasources\dbo_source.php, line 463]
2008-05-20 13:50:49 Warning: Warning (2): session_start() [<a href='http://php.net/function.session-start'>function.session-start</a>]: Cannot send session cookie - headers already sent by (output started at C:\wamp\www\myproject\cake\basics.php:893) in [CORE\cake\libs\session.php, line 154]
2008-05-20 13:50:49 Warning: Warning (2): session_start() [<a href='http://php.net/function.session-start'>function.session-start</a>]: Cannot send session cache limiter - headers already sent (output started at C:\wamp\www\myproject\cake\basics.php:893) in [CORE\cake\libs\session.php, line 154]
2008-05-20 13:50:49 Warning: Warning (2): Cannot modify header information - headers already sent by (output started at C:\wamp\www\myproject\cake\basics.php:893) in [CORE\cake\libs\session.php, line 155]
2008-05-20 13:52:08 Warning: Warning (512): <span style = "color:Red;text-align:left"><b>SQL Error:</b> 1064: You have an error in your SQL syntax; check the manual that corresponds to your MySQL server version for the right syntax to use near 'order by catorder' at line 2</span> in [CORE\cake\libs\model\datasources\dbo_source.php, line 463]
2008-05-21 14:28:29 Warning: Warning (2): array_merge_recursive() [<a href='http://php.net/function.array-merge-recursive'>function.array-merge-recursive</a>]: Argument #1 is not an array in [CORE\cake\libs\view\view.php, line 399]
2008-05-21 14:28:29 Warning: Warning (2): array_merge() [<a href='http://php.net/function.array-merge'>function.array-merge</a>]: Argument #2 is not an array in [CORE\cake\libs\view\view.php, line 400]
2008-05-21 14:28:29 Warning: Warning (2): extract() [<a href='http://php.net/function.extract'>function.extract</a>]: First argument should be an array in [CORE\cake\libs\view\view.php, line 764]
2008-05-21 14:28:29 Warning: Warning (2): Invalid argument supplied for foreach() in [CORE\app\views\elements\leftmenu.thtml, line 16]
2008-05-21 14:29:57 Warning: Warning (512): <span style = "color:Red;text-align:left"><b>SQL Error:</b> 1146: Table 'rob.othercategory' doesn't exist</span> in [CORE\cake\libs\model\datasources\dbo_source.php, line 463]
2008-05-21 14:29:57 Warning: Warning (512): <span style = "color:Red;text-align:left"><b>SQL Error:</b> 1146: Table 'rob.othercategory' doesn't exist</span> in [CORE\cake\libs\model\datasources\dbo_source.php, line 463]
2008-05-21 15:01:10 Warning: Warning (2): print_r() expects at least 1 parameter, 0 given in [CORE\app\views\categories\othercategory.thtml, line 8]
2008-05-21 15:01:25 Warning: Warning (2): print_r() expects at least 1 parameter, 0 given in [CORE\app\views\categories\othercategory.thtml, line 8]
2008-05-21 17:19:07 Warning: Warning (512): <span style = "color:Red;text-align:left"><b>SQL Error:</b> 1064: You have an error in your SQL syntax; check the manual that corresponds to your MySQL server version for the right syntax to use near '' at line 1</span> in [CORE\cake\libs\model\datasources\dbo_source.php, line 463]
2008-05-21 17:19:07 Warning: Warning (2): session_start() [<a href='http://php.net/function.session-start'>function.session-start</a>]: Cannot send session cookie - headers already sent by (output started at C:\wamp\www\myproject\cake\basics.php:893) in [CORE\cake\libs\session.php, line 154]
2008-05-21 17:19:07 Warning: Warning (2): session_start() [<a href='http://php.net/function.session-start'>function.session-start</a>]: Cannot send session cache limiter - headers already sent (output started at C:\wamp\www\myproject\cake\basics.php:893) in [CORE\cake\libs\session.php, line 154]
2008-05-21 17:19:07 Warning: Warning (2): Cannot modify header information - headers already sent by (output started at C:\wamp\www\myproject\cake\basics.php:893) in [CORE\cake\libs\session.php, line 155]
2008-05-21 18:30:37 Warning: Warning (512): <span style = "color:Red;text-align:left"><b>SQL Error:</b> 1064: You have an error in your SQL syntax; check the manual that corresponds to your MySQL server version for the right syntax to use near 'where catorder!=0 order by catorder' at line 1</span> in [CORE\cake\libs\model\datasources\dbo_source.php, line 463]
2008-05-26 09:47:52 Warning: Warning (2): session_start() [<a href='http://php.net/function.session-start'>function.session-start</a>]: Cannot send session cache limiter - headers already sent (output started at C:\wamp\www\myproject\app\controllers\admin_controller.php:10) in [CORE\cake\libs\session.php, line 154]
2008-05-26 09:47:52 Warning: Warning (2): Cannot modify header information - headers already sent by (output started at C:\wamp\www\myproject\app\controllers\admin_controller.php:10) in [CORE\cake\libs\session.php, line 155]
2008-05-26 09:47:52 Warning: Warning (2): session_start() [<a href='http://php.net/function.session-start'>function.session-start</a>]: Cannot send session cookie - headers already sent by (output started at C:\wamp\www\myproject\app\controllers\admin_controller.php:10) in [CORE\cake\libs\session.php, line 154]
2008-05-26 09:48:47 Warning: Warning (2): session_start() [<a href='http://php.net/function.session-start'>function.session-start</a>]: Cannot send session cache limiter - headers already sent (output started at C:\wamp\www\myproject\app\controllers\admin_controller.php:15) in [CORE\cake\libs\session.php, line 154]
2008-05-26 09:48:47 Warning: Warning (2): Cannot modify header information - headers already sent by (output started at C:\wamp\www\myproject\app\controllers\admin_controller.php:15) in [CORE\cake\libs\session.php, line 155]
2008-05-26 09:48:47 Warning: Warning (2): session_start() [<a href='http://php.net/function.session-start'>function.session-start</a>]: Cannot send session cookie - headers already sent by (output started at C:\wamp\www\myproject\app\controllers\admin_controller.php:15) in [CORE\cake\libs\session.php, line 154]
2008-05-26 09:48:49 Warning: Warning (2): session_start() [<a href='http://php.net/function.session-start'>function.session-start</a>]: Cannot send session cache limiter - headers already sent (output started at C:\wamp\www\myproject\app\controllers\admin_controller.php:15) in [CORE\cake\libs\session.php, line 154]
2008-05-26 09:48:49 Warning: Warning (2): Cannot modify header information - headers already sent by (output started at C:\wamp\www\myproject\app\controllers\admin_controller.php:15) in [CORE\cake\libs\session.php, line 155]
2008-05-26 09:48:49 Warning: Warning (2): session_start() [<a href='http://php.net/function.session-start'>function.session-start</a>]: Cannot send session cookie - headers already sent by (output started at C:\wamp\www\myproject\app\controllers\admin_controller.php:15) in [CORE\cake\libs\session.php, line 154]
2008-05-26 09:49:28 Warning: Warning (2): session_start() [<a href='http://php.net/function.session-start'>function.session-start</a>]: Cannot send session cache limiter - headers already sent (output started at C:\wamp\www\myproject\app\controllers\admin_controller.php:15) in [CORE\cake\libs\session.php, line 154]
2008-05-26 09:49:28 Warning: Warning (2): Cannot modify header information - headers already sent by (output started at C:\wamp\www\myproject\app\controllers\admin_controller.php:15) in [CORE\cake\libs\session.php, line 155]
2008-05-26 09:49:28 Warning: Warning (2): session_start() [<a href='http://php.net/function.session-start'>function.session-start</a>]: Cannot send session cookie - headers already sent by (output started at C:\wamp\www\myproject\app\controllers\admin_controller.php:15) in [CORE\cake\libs\session.php, line 154]
2008-05-26 09:49:37 Warning: Warning (2): session_start() [<a href='http://php.net/function.session-start'>function.session-start</a>]: Cannot send session cache limiter - headers already sent (output started at C:\wamp\www\myproject\app\controllers\admin_controller.php:15) in [CORE\cake\libs\session.php, line 154]
2008-05-26 09:49:37 Warning: Warning (2): Cannot modify header information - headers already sent by (output started at C:\wamp\www\myproject\app\controllers\admin_controller.php:15) in [CORE\cake\libs\session.php, line 155]
2008-05-26 09:49:38 Warning: Warning (2): session_start() [<a href='http://php.net/function.session-start'>function.session-start</a>]: Cannot send session cache limiter - headers already sent (output started at C:\wamp\www\myproject\app\controllers\admin_controller.php:15) in [CORE\cake\libs\session.php, line 154]
2008-05-26 09:49:38 Warning: Warning (2): Cannot modify header information - headers already sent by (output started at C:\wamp\www\myproject\app\controllers\admin_controller.php:15) in [CORE\cake\libs\session.php, line 155]
2008-05-26 09:52:31 Warning: Warning (512): Method HtmlHelper::submit does not exist in [CORE\cake\libs\view\helper.php, line 148]
2008-05-26 09:59:06 Warning: Warning (2): Cannot modify header information - headers already sent by (output started at C:\wamp\www\myproject\cake\basics.php:747) in [CORE\cake\libs\controller\controller.php, line 511]
2008-05-26 09:59:31 Warning: Warning (2): Cannot modify header information - headers already sent by (output started at C:\wamp\www\myproject\cake\basics.php:747) in [CORE\cake\libs\controller\controller.php, line 511]
2008-05-26 09:59:58 Warning: Warning (2): Cannot modify header information - headers already sent by (output started at C:\wamp\www\myproject\cake\basics.php:747) in [CORE\cake\libs\controller\controller.php, line 511]
2008-05-26 10:01:36 Warning: Warning (2): Cannot modify header information - headers already sent by (output started at C:\wamp\www\myproject\cake\basics.php:747) in [CORE\cake\libs\controller\controller.php, line 511]
2008-05-26 10:36:32 Warning: Warning (2): array_merge_recursive() [<a href='http://php.net/function.array-merge-recursive'>function.array-merge-recursive</a>]: Argument #1 is not an array in [CORE\cake\libs\view\view.php, line 399]
2008-05-26 10:36:32 Warning: Warning (2): array_merge() [<a href='http://php.net/function.array-merge'>function.array-merge</a>]: Argument #2 is not an array in [CORE\cake\libs\view\view.php, line 400]
2008-05-26 10:36:32 Warning: Warning (2): extract() [<a href='http://php.net/function.extract'>function.extract</a>]: First argument should be an array in [CORE\cake\libs\view\view.php, line 764]
2008-05-26 10:47:23 Warning: Warning (512): <span style = "color:Red;text-align:left"><b>SQL Error:</b> 1064: You have an error in your SQL syntax; check the manual that corresponds to your MySQL server version for the right syntax to use near 'order by catorder' at line 2</span> in [CORE\cake\libs\model\datasources\dbo_source.php, line 463]
2008-05-26 10:47:24 Warning: Warning (2): Invalid argument supplied for foreach() in [CORE\app\views\admins\category.ctp, line 18]
2008-05-26 11:28:58 Warning: Warning (512): <span style = "color:Red;text-align:left"><b>SQL Error:</b> 1064: You have an error in your SQL syntax; check the manual that corresponds to your MySQL server version for the right syntax to use near 'order by catorder' at line 2</span> in [CORE\cake\libs\model\datasources\dbo_source.php, line 463]
2008-05-26 11:56:30 Warning: Warning (512): <span style = "color:Red;text-align:left"><b>SQL Error:</b> 1064: You have an error in your SQL syntax; check the manual that corresponds to your MySQL server version for the right syntax to use near 'order by images.imgorder' at line 1</span> in [CORE\cake\libs\model\datasources\dbo_source.php, line 463]
